<?xml version="1.0" encoding="UTF-8"?>
<!-- Generated by org.testng.reporters.JUnitXMLReporter -->
<testsuite ignored="0" hostname="DESKTOP-4VBBEJ4" failures="1" tests="1" name="Test" time="3.206" errors="0" timestamp="14 Aug 2023 06:14:57 GMT">
  <testcase classname="io.cucumber.testng.AbstractTestNGCucumberTests" name="runScenario" time="3.054">
    <failure type="java.lang.AssertionError" message="expected [false] but found [true]">
      <![CDATA[java.lang.AssertionError: expected [false] but found [true]
at org.steps.StepDefintionClass.user_clicks_on_the_login_button(StepDefintionClass.java:30)
at âœ½.User clicks on the login button(file:///C:/Users/LENOVO/newEclipseWorkspe/CucumberTestng/src/test/resources/Facebook.feature:5)
... Removed 6 stack frames]]>
    </failure>
  </testcase> <!-- runScenario -->
</testsuite> <!-- Test -->
